<?xml version="1.0" encoding="UTF-8"?>
<!-- Generated by org.testng.reporters.JUnitReportReporter -->
<testsuite hostname="ojt24-PC" name="DriverFactory.AppTest" tests="1" failures="0" timestamp="14 May 2019 02:52:24 GMT" time="0.816" errors="0">
  <testcase name="kickStart" time="0.816" classname="DriverFactory.AppTest"/>
</testsuite> <!-- DriverFactory.AppTest -->
